{
  "stats": {
    "suites": 1,
    "tests": 4,
    "passes": 4,
    "pending": 0,
    "failures": 0,
    "start": "2022-07-22T05:21:26.189Z",
    "end": "2022-07-22T05:21:28.692Z",
    "duration": 2503,
    "testsRegistered": 4,
    "passPercent": 100,
    "pendingPercent": 0,
    "other": 0,
    "hasOther": false,
    "skipped": 0,
    "hasSkipped": false
  },
  "results": [
    {
      "uuid": "c5f35c6f-6e5f-4d3c-b51e-91fb4b03e995",
      "title": "",
      "fullFile": "F:\\VS code - projects\\webdriverio\\APIAutomation\\test\\index.js",
      "file": "\\test\\index.js",
      "beforeHooks": [],
      "afterHooks": [],
      "tests": [],
      "suites": [
        {
          "uuid": "943dbc1d-2075-4da8-a1a6-8f1bfb485383",
          "title": "Airports",
          "fullFile": "F:\\VS code - projects\\webdriverio\\APIAutomation\\test\\index.js",
          "file": "\\test\\index.js",
          "beforeHooks": [],
          "afterHooks": [],
          "tests": [
            {
              "title": "Test_01_Get All Airports",
              "fullTitle": "Airports Test_01_Get All Airports",
              "timedOut": false,
              "duration": 660,
              "state": "passed",
              "speed": "slow",
              "pass": true,
              "fail": false,
              "pending": false,
              "context": null,
              "code": "const res = await request.get('airports');\n        console.log(res.status);\n        await expect(res.status).equal(200);\n        await expect(res.body).to.not.be.empty;",
              "err": {},
              "uuid": "f2d7f0bb-d837-4114-9976-f91b77f7421c",
              "parentUUID": "943dbc1d-2075-4da8-a1a6-8f1bfb485383",
              "isHook": false,
              "skipped": false
            },
            {
              "title": "Test_02_Get 1 Airports",
              "fullTitle": "Airports Test_02_Get 1 Airports",
              "timedOut": false,
              "duration": 985,
              "state": "passed",
              "speed": "slow",
              "pass": true,
              "fail": false,
              "pending": false,
              "context": null,
              "code": "const res = await request.get('airports/PFJ');\n        console.log(res.body.data);\n        console.log(res.status);\n        await expect(res.status).equal(200);\n        await expect(res.body).to.not.be.empty;",
              "err": {},
              "uuid": "da488eca-4b32-489f-8a97-14364f0aae12",
              "parentUUID": "943dbc1d-2075-4da8-a1a6-8f1bfb485383",
              "isHook": false,
              "skipped": false
            },
            {
              "title": "Test_03_POST distance",
              "fullTitle": "Airports Test_03_POST distance",
              "timedOut": false,
              "duration": 416,
              "state": "passed",
              "speed": "slow",
              "pass": true,
              "fail": false,
              "pending": false,
              "context": null,
              "code": "const data = {\n            \"from\": \"KIX\",\n            \"to\": \"NRT\"\n        }\n        const res = await request.post('airports/distance').send(data);\n        console.log(res.body.data);\n        console.log(res.status);\n        await expect(res.status).equal(200);\n        await expect(res.body).to.not.be.empty;",
              "err": {},
              "uuid": "c84a2936-7bb3-412d-9542-da6e1be09d6e",
              "parentUUID": "943dbc1d-2075-4da8-a1a6-8f1bfb485383",
              "isHook": false,
              "skipped": false
            },
            {
              "title": "Test_04_POST create users",
              "fullTitle": "Airports Test_04_POST create users",
              "timedOut": false,
              "duration": 432,
              "state": "passed",
              "speed": "slow",
              "pass": true,
              "fail": false,
              "pending": false,
              "context": null,
              "code": "const data = {\n            \"name\": chance.name(),\n            \"email\": chance.email({domain: \"gmail.com\"}),\n            \"gender\": \"male\",\n            \"status\": \"active\"\n        }\n        const res = await request2.post('users').set('Authorization', config.token).send(data);\n        \n        console.log(res.body.data);\n        console.log(res.status);\n        await expect(res.status).equal(201);\n        await expect(res.body).to.not.be.empty;",
              "err": {},
              "uuid": "80a53168-30b9-479f-b9c9-6dc959553f5d",
              "parentUUID": "943dbc1d-2075-4da8-a1a6-8f1bfb485383",
              "isHook": false,
              "skipped": false
            }
          ],
          "suites": [],
          "passes": [
            "f2d7f0bb-d837-4114-9976-f91b77f7421c",
            "da488eca-4b32-489f-8a97-14364f0aae12",
            "c84a2936-7bb3-412d-9542-da6e1be09d6e",
            "80a53168-30b9-479f-b9c9-6dc959553f5d"
          ],
          "failures": [],
          "pending": [],
          "skipped": [],
          "duration": 2493,
          "root": false,
          "rootEmpty": false,
          "_timeout": 2000
        }
      ],
      "passes": [],
      "failures": [],
      "pending": [],
      "skipped": [],
      "duration": 0,
      "root": true,
      "rootEmpty": true,
      "_timeout": 2000
    }
  ],
  "meta": {
    "mocha": {
      "version": "6.2.3"
    },
    "mochawesome": {
      "options": {
        "quiet": false,
        "reportFilename": "mochawesome",
        "saveHtml": true,
        "saveJson": true,
        "consoleReporter": "spec",
        "useInlineDiffs": false,
        "code": true
      },
      "version": "7.1.3"
    },
    "marge": {
      "options": null,
      "version": "6.2.0"
    }
  }
}