{
  "stats": {
    "suites": 2,
    "tests": 4,
    "passes": 3,
    "pending": 0,
    "failures": 1,
    "start": "2022-07-22T06:41:58.097Z",
    "end": "2022-07-22T06:42:00.914Z",
    "duration": 2817,
    "testsRegistered": 4,
    "passPercent": 75,
    "pendingPercent": 0,
    "other": 0,
    "hasOther": false,
    "skipped": 0,
    "hasSkipped": false
  },
  "results": [
    {
      "uuid": "3e352c7d-d4c2-47e4-a4c8-706ce57ee068",
      "title": "",
      "fullFile": "",
      "file": "",
      "beforeHooks": [],
      "afterHooks": [],
      "tests": [],
      "suites": [
        {
          "uuid": "cf24fb42-b02a-4281-92da-4fd19a46c5c1",
          "title": "Airports",
          "fullFile": "F:\\VS code - projects\\webdriverio\\APIAutomation\\test\\AirportGap.js",
          "file": "\\test\\AirportGap.js",
          "beforeHooks": [],
          "afterHooks": [],
          "tests": [
            {
              "title": "Test_01_Get All Airports",
              "fullTitle": "Airports Test_01_Get All Airports",
              "timedOut": false,
              "duration": 674,
              "state": "passed",
              "speed": "slow",
              "pass": true,
              "fail": false,
              "pending": false,
              "context": null,
              "code": "const res = await request.get('airports');\n        console.log(res.status);\n        await expect(res.status).equal(200);\n        await expect(res.body).to.not.be.empty;",
              "err": {},
              "uuid": "e75f02a5-57c4-4313-8e1b-1bed0b7173aa",
              "parentUUID": "cf24fb42-b02a-4281-92da-4fd19a46c5c1",
              "isHook": false,
              "skipped": false
            },
            {
              "title": "Test_02_Get a single Airport",
              "fullTitle": "Airports Test_02_Get a single Airport",
              "timedOut": false,
              "duration": 713,
              "state": "passed",
              "speed": "slow",
              "pass": true,
              "fail": false,
              "pending": false,
              "context": null,
              "code": "const res = await request.get('airports/PFJ');\n        console.log(res.body.data);\n        console.log(res.status);\n        await expect(res.status).equal(200);\n        await expect(res.body).to.not.be.empty;",
              "err": {},
              "uuid": "0eb44570-fc57-4e28-a608-a9d4acaaef3e",
              "parentUUID": "cf24fb42-b02a-4281-92da-4fd19a46c5c1",
              "isHook": false,
              "skipped": false
            },
            {
              "title": "Test_03_POST distance",
              "fullTitle": "Airports Test_03_POST distance",
              "timedOut": false,
              "duration": 975,
              "state": "passed",
              "speed": "slow",
              "pass": true,
              "fail": false,
              "pending": false,
              "context": null,
              "code": "const data = {\n            \"from\": \"KIX\",\n            \"to\": \"NRT\"\n        }\n        const res = await request.post('airports/distance').send(data);\n        console.log(res.body.data);\n        console.log(res.status);\n        await expect(res.status).equal(200);\n        await expect(res.body).to.not.be.empty;",
              "err": {},
              "uuid": "37ce9519-7eb4-4eb2-a8e7-06e434306a82",
              "parentUUID": "cf24fb42-b02a-4281-92da-4fd19a46c5c1",
              "isHook": false,
              "skipped": false
            }
          ],
          "suites": [],
          "passes": [
            "e75f02a5-57c4-4313-8e1b-1bed0b7173aa",
            "0eb44570-fc57-4e28-a608-a9d4acaaef3e",
            "37ce9519-7eb4-4eb2-a8e7-06e434306a82"
          ],
          "failures": [],
          "pending": [],
          "skipped": [],
          "duration": 2362,
          "root": false,
          "rootEmpty": false,
          "_timeout": 2000
        },
        {
          "uuid": "382fca15-5ad0-449c-870d-44f968490473",
          "title": "Users",
          "fullFile": "F:\\VS code - projects\\webdriverio\\APIAutomation\\test\\GoRest.js",
          "file": "\\test\\GoRest.js",
          "beforeHooks": [],
          "afterHooks": [],
          "tests": [
            {
              "title": "Test_01_create user",
              "fullTitle": "Users Test_01_create user",
              "timedOut": false,
              "duration": 445,
              "state": "failed",
              "speed": null,
              "pass": false,
              "fail": true,
              "pending": false,
              "context": null,
              "code": "const data = {\n            \"name\": chance.name(),\n            \"email\": chance.email({domain: \"gmail.com\"}),\n            \"gender\": \"male\",\n            \"status\": \"active\"\n        }\n        const res = await request2.post('users').set('Authorization', config.token).send(data);\n        \n        console.log(res.body.data);\n        console.log(res.status);\n        //await expect(res.status).equal(201);\n        await expect(res.status).equal(200);\n        await expect(res.body).to.not.be.empty;",
              "err": {
                "message": "AssertionError: expected 201 to equal 200",
                "estack": "AssertionError: expected 201 to equal 200\n    at Context.<anonymous> (test\\GoRest.js:27:34)\n    at processTicksAndRejections (internal/process/task_queues.js:95:5)",
                "diff": "- 201\n+ 200\n"
              },
              "uuid": "826a15f6-2e23-4023-8b52-f0076c6cf96a",
              "parentUUID": "382fca15-5ad0-449c-870d-44f968490473",
              "isHook": false,
              "skipped": false
            }
          ],
          "suites": [],
          "passes": [],
          "failures": [
            "826a15f6-2e23-4023-8b52-f0076c6cf96a"
          ],
          "pending": [],
          "skipped": [],
          "duration": 445,
          "root": false,
          "rootEmpty": false,
          "_timeout": 2000
        }
      ],
      "passes": [],
      "failures": [],
      "pending": [],
      "skipped": [],
      "duration": 0,
      "root": true,
      "rootEmpty": true,
      "_timeout": 2000
    }
  ],
  "meta": {
    "mocha": {
      "version": "6.2.3"
    },
    "mochawesome": {
      "options": {
        "quiet": false,
        "reportFilename": "mochawesome",
        "saveHtml": true,
        "saveJson": true,
        "consoleReporter": "spec",
        "useInlineDiffs": false,
        "code": true
      },
      "version": "7.1.3"
    },
    "marge": {
      "options": null,
      "version": "6.2.0"
    }
  }
}