{
  "stats": {
    "suites": 2,
    "tests": 4,
    "passes": 4,
    "pending": 0,
    "failures": 0,
    "start": "2022-07-22T06:27:28.865Z",
    "end": "2022-07-22T06:27:31.016Z",
    "duration": 2151,
    "testsRegistered": 4,
    "passPercent": 100,
    "pendingPercent": 0,
    "other": 0,
    "hasOther": false,
    "skipped": 0,
    "hasSkipped": false
  },
  "results": [
    {
      "uuid": "e5092f92-1d12-4864-aa31-9db1f68134eb",
      "title": "",
      "fullFile": "",
      "file": "",
      "beforeHooks": [],
      "afterHooks": [],
      "tests": [],
      "suites": [
        {
          "uuid": "f363a701-11dc-495a-998e-0994ed387041",
          "title": "Airports",
          "fullFile": "F:\\VS code - projects\\webdriverio\\APIAutomation\\test\\AirportGap.js",
          "file": "\\test\\AirportGap.js",
          "beforeHooks": [],
          "afterHooks": [],
          "tests": [
            {
              "title": "Test_01_Get All Airports",
              "fullTitle": "Airports Test_01_Get All Airports",
              "timedOut": false,
              "duration": 1015,
              "state": "passed",
              "speed": "slow",
              "pass": true,
              "fail": false,
              "pending": false,
              "context": null,
              "code": "const res = await request.get('airports');\n        console.log(res.status);\n        await expect(res.status).equal(200);\n        await expect(res.body).to.not.be.empty;",
              "err": {},
              "uuid": "2481a0c5-2c5a-4763-9925-c59a93b33b3b",
              "parentUUID": "f363a701-11dc-495a-998e-0994ed387041",
              "isHook": false,
              "skipped": false
            },
            {
              "title": "Test_02_Get a single Airport",
              "fullTitle": "Airports Test_02_Get a single Airport",
              "timedOut": false,
              "duration": 402,
              "state": "passed",
              "speed": "slow",
              "pass": true,
              "fail": false,
              "pending": false,
              "context": null,
              "code": "const res = await request.get('airports/PFJ');\n        console.log(res.body.data);\n        console.log(res.status);\n        await expect(res.status).equal(200);\n        await expect(res.body).to.not.be.empty;",
              "err": {},
              "uuid": "038b71ea-3ca2-4ef5-8913-fdca3bfbae11",
              "parentUUID": "f363a701-11dc-495a-998e-0994ed387041",
              "isHook": false,
              "skipped": false
            },
            {
              "title": "Test_03_POST distance",
              "fullTitle": "Airports Test_03_POST distance",
              "timedOut": false,
              "duration": 436,
              "state": "passed",
              "speed": "slow",
              "pass": true,
              "fail": false,
              "pending": false,
              "context": null,
              "code": "const data = {\n            \"from\": \"KIX\",\n            \"to\": \"NRT\"\n        }\n        const res = await request.post('airports/distance').send(data);\n        console.log(res.body.data);\n        console.log(res.status);\n        await expect(res.status).equal(200);\n        await expect(res.body).to.not.be.empty;",
              "err": {},
              "uuid": "36759655-a428-415d-86b4-aacf17b80ab2",
              "parentUUID": "f363a701-11dc-495a-998e-0994ed387041",
              "isHook": false,
              "skipped": false
            }
          ],
          "suites": [],
          "passes": [
            "2481a0c5-2c5a-4763-9925-c59a93b33b3b",
            "038b71ea-3ca2-4ef5-8913-fdca3bfbae11",
            "36759655-a428-415d-86b4-aacf17b80ab2"
          ],
          "failures": [],
          "pending": [],
          "skipped": [],
          "duration": 1853,
          "root": false,
          "rootEmpty": false,
          "_timeout": 2000
        },
        {
          "uuid": "41c13a14-9aca-4db6-bccf-3124638788d7",
          "title": "Users",
          "fullFile": "F:\\VS code - projects\\webdriverio\\APIAutomation\\test\\GoRest.js",
          "file": "\\test\\GoRest.js",
          "beforeHooks": [],
          "afterHooks": [],
          "tests": [
            {
              "title": "Test_01_create user",
              "fullTitle": "Users Test_01_create user",
              "timedOut": false,
              "duration": 288,
              "state": "passed",
              "speed": "slow",
              "pass": true,
              "fail": false,
              "pending": false,
              "context": null,
              "code": "const data = {\n            \"name\": chance.name(),\n            \"email\": chance.email({domain: \"gmail.com\"}),\n            \"gender\": \"male\",\n            \"status\": \"active\"\n        }\n        const res = await request2.post('users').set('Authorization', config.token).send(data);\n        \n        console.log(res.body.data);\n        console.log(res.status);\n        await expect(res.status).equal(201);\n        await expect(res.body).to.not.be.empty;",
              "err": {},
              "uuid": "102280a3-92ae-4458-b399-47adfe6a681c",
              "parentUUID": "41c13a14-9aca-4db6-bccf-3124638788d7",
              "isHook": false,
              "skipped": false
            }
          ],
          "suites": [],
          "passes": [
            "102280a3-92ae-4458-b399-47adfe6a681c"
          ],
          "failures": [],
          "pending": [],
          "skipped": [],
          "duration": 288,
          "root": false,
          "rootEmpty": false,
          "_timeout": 2000
        }
      ],
      "passes": [],
      "failures": [],
      "pending": [],
      "skipped": [],
      "duration": 0,
      "root": true,
      "rootEmpty": true,
      "_timeout": 2000
    }
  ],
  "meta": {
    "mocha": {
      "version": "6.2.3"
    },
    "mochawesome": {
      "options": {
        "quiet": false,
        "reportFilename": "mochawesome",
        "saveHtml": true,
        "saveJson": true,
        "consoleReporter": "spec",
        "useInlineDiffs": false,
        "code": true
      },
      "version": "7.1.3"
    },
    "marge": {
      "options": null,
      "version": "6.2.0"
    }
  }
}